[2019-10-28 22:37:18,259] INFO Reading configuration from: /opt/kafka/config/zookeeper.properties (org.apache.zookeeper.server.quorum.QuorumPeerConfig)
[2019-10-28 22:37:18,263] INFO autopurge.snapRetainCount set to 3 (org.apache.zookeeper.server.DatadirCleanupManager)
[2019-10-28 22:37:18,263] INFO autopurge.purgeInterval set to 0 (org.apache.zookeeper.server.DatadirCleanupManager)
[2019-10-28 22:37:18,263] INFO Purge task is not scheduled. (org.apache.zookeeper.server.DatadirCleanupManager)
[2019-10-28 22:37:18,263] WARN Either no config or no quorum defined in config, running  in standalone mode (org.apache.zookeeper.server.quorum.QuorumPeerMain)
[2019-10-28 22:37:18,298] INFO Reading configuration from: /opt/kafka/config/zookeeper.properties (org.apache.zookeeper.server.quorum.QuorumPeerConfig)
[2019-10-28 22:37:18,298] INFO Starting server (org.apache.zookeeper.server.ZooKeeperServerMain)
[2019-10-28 22:37:18,307] INFO Server environment:zookeeper.version=3.4.14-redhat-00001-a70f9d20b6373085f9a94183a1324a57cdaead75, built on 05/30/2019 13:26 GMT (org.apache.zookeeper.server.ZooKeeperServer)
[2019-10-28 22:37:18,308] INFO Server environment:host.name=instance-1.c.pry-kafka-dev.internal (org.apache.zookeeper.server.ZooKeeperServer)
[2019-10-28 22:37:18,308] INFO Server environment:java.version=1.8.0_231 (org.apache.zookeeper.server.ZooKeeperServer)
[2019-10-28 22:37:18,308] INFO Server environment:java.vendor=Oracle Corporation (org.apache.zookeeper.server.ZooKeeperServer)
[2019-10-28 22:37:18,308] INFO Server environment:java.home=/opt/jdk1.8.0_231/jre (org.apache.zookeeper.server.ZooKeeperServer)
[2019-10-28 22:37:18,308] INFO Server environment:java.class.path=/opt/kafka/bin/../libs/activation-1.1.1.redhat-5.jar:/opt/kafka/bin/../libs/aopalliance-repackaged-2.5.0.b42-redhat-00002.jar:/opt/kafka/bin/../libs/argparse4j-0.7.0.redhat-00003.jar:/opt/kafka/bin/../libs/audience-annotations-0.5.0.redhat-00002.jar:/opt/kafka/bin/../libs/commons-lang3-3.5.0.redhat-00002.jar:/opt/kafka/bin/../libs/connect-api-2.2.1.redhat-00002.jar:/opt/kafka/bin/../libs/connect-basic-auth-extension-2.2.1.redhat-00002.jar:/opt/kafka/bin/../libs/connect-file-2.2.1.redhat-00002.jar:/opt/kafka/bin/../libs/connect-json-2.2.1.redhat-00002.jar:/opt/kafka/bin/../libs/connect-runtime-2.2.1.redhat-00002.jar:/opt/kafka/bin/../libs/connect-transforms-2.2.1.redhat-00002.jar:/opt/kafka/bin/../libs/guava-25.0.0.redhat-1.jar:/opt/kafka/bin/../libs/hk2-api-2.5.0.b42-redhat-00002.jar:/opt/kafka/bin/../libs/hk2-locator-2.5.0.b42-redhat-00002.jar:/opt/kafka/bin/../libs/hk2-utils-2.5.0.b42-redhat-00002.jar:/opt/kafka/bin/../libs/jackson-annotations-2.9.8.redhat-00002.jar:/opt/kafka/bin/../libs/jackson-core-2.9.8.redhat-00003.jar:/opt/kafka/bin/../libs/jackson-databind-2.9.8.redhat-00002.jar:/opt/kafka/bin/../libs/jackson-datatype-jdk8-2.9.8.redhat-00004.jar:/opt/kafka/bin/../libs/jackson-jaxrs-base-2.9.5.redhat-2.jar:/opt/kafka/bin/../libs/jackson-jaxrs-json-provider-2.9.5.redhat-2.jar:/opt/kafka/bin/../libs/jackson-module-jaxb-annotations-2.9.5.redhat-2.jar:/opt/kafka/bin/../libs/javassist-3.22.0.GA-redhat-1.jar:/opt/kafka/bin/../libs/javax.annotation-api-1.2.0.redhat-1.jar:/opt/kafka/bin/../libs/javax.inject-1.0.0.redhat-6.jar:/opt/kafka/bin/../libs/javax.inject-2.5.0.b42-redhat-00002.jar:/opt/kafka/bin/../libs/javax.servlet-api-3.1.0.redhat-1.jar:/opt/kafka/bin/../libs/javax.ws.rs-api-2.1.1.redhat-00002.jar:/opt/kafka/bin/../libs/jaxb-api-2.3.0.redhat-00003.jar:/opt/kafka/bin/../libs/jersey-client-2.27.0.redhat-00002.jar:/opt/kafka/bin/../libs/jersey-common-2.27.0.redhat-00002.jar:/opt/kafka/bin/../libs/jersey-container-servlet-2.27.0.redhat-00002.jar:/opt/kafka/bin/../libs/jersey-container-servlet-core-2.27.0.redhat-00002.jar:/opt/kafka/bin/../libs/jersey-hk2-2.27.0.redhat-00002.jar:/opt/kafka/bin/../libs/jersey-media-jaxb-2.27.0.redhat-00002.jar:/opt/kafka/bin/../libs/jersey-server-2.27.0.redhat-00002.jar:/opt/kafka/bin/../libs/jetty-client-9.4.18.v20190429-redhat-00001.jar:/opt/kafka/bin/../libs/jetty-continuation-9.4.18.v20190429-redhat-00001.jar:/opt/kafka/bin/../libs/jetty-http-9.4.18.v20190429-redhat-00001.jar:/opt/kafka/bin/../libs/jetty-io-9.4.18.v20190429-redhat-00001.jar:/opt/kafka/bin/../libs/jetty-security-9.4.18.v20190429-redhat-00001.jar:/opt/kafka/bin/../libs/jetty-server-9.4.18.v20190429-redhat-00001.jar:/opt/kafka/bin/../libs/jetty-servlet-9.4.18.v20190429-redhat-00001.jar:/opt/kafka/bin/../libs/jetty-servlets-9.4.18.v20190429-redhat-00001.jar:/opt/kafka/bin/../libs/jetty-util-9.4.18.v20190429-redhat-00001.jar:/opt/kafka/bin/../libs/jopt-simple-5.0.4.redhat-00002.jar:/opt/kafka/bin/../libs/kafka_2.12-2.2.1.redhat-00002.jar:/opt/kafka/bin/../libs/kafka-clients-2.2.1.redhat-00002.jar:/opt/kafka/bin/../libs/kafka-log4j-appender-2.2.1.redhat-00002.jar:/opt/kafka/bin/../libs/kafka-streams-2.2.1.redhat-00002.jar:/opt/kafka/bin/../libs/kafka-streams-examples-2.2.1.redhat-00002.jar:/opt/kafka/bin/../libs/kafka-streams-scala_2.12-2.2.1.redhat-00002.jar:/opt/kafka/bin/../libs/kafka-streams-test-utils-2.2.1.redhat-00002.jar:/opt/kafka/bin/../libs/kafka-tools-2.2.1.redhat-00002.jar:/opt/kafka/bin/../libs/log4j-1.2.17.redhat-3.jar:/opt/kafka/bin/../libs/lz4-java-1.5.0.redhat-00001.jar:/opt/kafka/bin/../libs/maven-artifact-3.6.0.redhat-00001.jar:/opt/kafka/bin/../libs/metrics-core-2.2.0.redhat-00003.jar:/opt/kafka/bin/../libs/osgi-resource-locator-2.5.0.b42-redhat-00002.jar:/opt/kafka/bin/../libs/plexus-utils-3.1.0.redhat-00002.jar:/opt/kafka/bin/../libs/reflections-0.9.11.redhat-00004.jar:/opt/kafka/bin/../libs/rocksdbjni-5.14.2.redhat-00002.jar:/opt/kafka/bin/../libs/scala-library-2.12.8.redhat-00001.jar:/opt/kafka/bin/../libs/scala-logging_2.12-3.9.0.redhat-00006.jar:/opt/kafka/bin/../libs/scala-reflect-2.12.8.redhat-00001.jar:/opt/kafka/bin/../libs/slf4j-api-1.7.22.redhat-1.jar:/opt/kafka/bin/../libs/slf4j-log4j12-1.7.22.redhat-1.jar:/opt/kafka/bin/../libs/snappy-java-1.1.7.2-redhat-00003.jar:/opt/kafka/bin/../libs/validation-api-1.1.0.Final-redhat-1.jar:/opt/kafka/bin/../libs/zkclient-0.11.0.redhat-00001.jar:/opt/kafka/bin/../libs/zookeeper-3.4.14.redhat-00001.jar:/opt/kafka/bin/../libs/zstd-jni-1.3.7.1-redhat-00001.jar (org.apache.zookeeper.server.ZooKeeperServer)
[2019-10-28 22:37:18,308] INFO Server environment:java.library.path=/usr/java/packages/lib/amd64:/usr/lib64:/lib64:/lib:/usr/lib (org.apache.zookeeper.server.ZooKeeperServer)
[2019-10-28 22:37:18,308] INFO Server environment:java.io.tmpdir=/tmp (org.apache.zookeeper.server.ZooKeeperServer)
[2019-10-28 22:37:18,308] INFO Server environment:java.compiler=<NA> (org.apache.zookeeper.server.ZooKeeperServer)
[2019-10-28 22:37:18,308] INFO Server environment:os.name=Linux (org.apache.zookeeper.server.ZooKeeperServer)
[2019-10-28 22:37:18,309] INFO Server environment:os.arch=amd64 (org.apache.zookeeper.server.ZooKeeperServer)
[2019-10-28 22:37:18,309] INFO Server environment:os.version=3.10.0-1062.4.1.el7.x86_64 (org.apache.zookeeper.server.ZooKeeperServer)
[2019-10-28 22:37:18,309] INFO Server environment:user.name=kafka (org.apache.zookeeper.server.ZooKeeperServer)
[2019-10-28 22:37:18,309] INFO Server environment:user.home=/home/kafka (org.apache.zookeeper.server.ZooKeeperServer)
[2019-10-28 22:37:18,309] INFO Server environment:user.dir=/opt/kafka (org.apache.zookeeper.server.ZooKeeperServer)
[2019-10-28 22:37:18,321] INFO tickTime set to 3000 (org.apache.zookeeper.server.ZooKeeperServer)
[2019-10-28 22:37:18,322] INFO minSessionTimeout set to -1 (org.apache.zookeeper.server.ZooKeeperServer)
[2019-10-28 22:37:18,322] INFO maxSessionTimeout set to -1 (org.apache.zookeeper.server.ZooKeeperServer)
[2019-10-28 22:37:18,330] INFO Using org.apache.zookeeper.server.NIOServerCnxnFactory as server connection factory (org.apache.zookeeper.server.ServerCnxnFactory)
[2019-10-28 22:37:18,339] INFO Server successfully logged in. (org.apache.zookeeper.Login)
[2019-10-28 22:37:18,343] INFO binding to port 0.0.0.0/0.0.0.0:2181 (org.apache.zookeeper.server.NIOServerCnxnFactory)
[2019-10-28 22:37:34,189] INFO Accepted socket connection from /127.0.0.1:46156 (org.apache.zookeeper.server.NIOServerCnxnFactory)
[2019-10-28 22:37:34,282] INFO Client attempting to establish new session at /127.0.0.1:46156 (org.apache.zookeeper.server.ZooKeeperServer)
[2019-10-28 22:37:34,285] INFO Creating new log file: log.23b (org.apache.zookeeper.server.persistence.FileTxnLog)
[2019-10-28 22:37:34,297] INFO Established session 0x1001196b6000000 with negotiated timeout 6000 for client /127.0.0.1:46156 (org.apache.zookeeper.server.ZooKeeperServer)
[2019-10-28 22:37:34,328] INFO Successfully authenticated client: authenticationID=kafka;  authorizationID=kafka. (org.apache.zookeeper.server.auth.SaslServerCallbackHandler)
[2019-10-28 22:37:34,337] INFO Setting authorizedID: kafka (org.apache.zookeeper.server.auth.SaslServerCallbackHandler)
[2019-10-28 22:37:34,338] INFO adding SASL authorization for authorizationID: kafka (org.apache.zookeeper.server.ZooKeeperServer)
[2019-10-28 22:37:34,377] INFO Got user-level KeeperException when processing sessionid:0x1001196b6000000 type:create cxid:0x3 zxid:0x23c txntype:-1 reqpath:n/a Error Path:/consumers Error:KeeperErrorCode = NodeExists for /consumers (org.apache.zookeeper.server.PrepRequestProcessor)
[2019-10-28 22:37:34,418] INFO Got user-level KeeperException when processing sessionid:0x1001196b6000000 type:create cxid:0x4 zxid:0x23d txntype:-1 reqpath:n/a Error Path:/brokers/ids Error:KeeperErrorCode = NodeExists for /brokers/ids (org.apache.zookeeper.server.PrepRequestProcessor)
[2019-10-28 22:37:34,424] INFO Got user-level KeeperException when processing sessionid:0x1001196b6000000 type:create cxid:0x5 zxid:0x23e txntype:-1 reqpath:n/a Error Path:/brokers/topics Error:KeeperErrorCode = NodeExists for /brokers/topics (org.apache.zookeeper.server.PrepRequestProcessor)
[2019-10-28 22:37:34,428] INFO Got user-level KeeperException when processing sessionid:0x1001196b6000000 type:create cxid:0x6 zxid:0x23f txntype:-1 reqpath:n/a Error Path:/config/changes Error:KeeperErrorCode = NodeExists for /config/changes (org.apache.zookeeper.server.PrepRequestProcessor)
[2019-10-28 22:37:34,432] INFO Got user-level KeeperException when processing sessionid:0x1001196b6000000 type:create cxid:0x7 zxid:0x240 txntype:-1 reqpath:n/a Error Path:/admin/delete_topics Error:KeeperErrorCode = NodeExists for /admin/delete_topics (org.apache.zookeeper.server.PrepRequestProcessor)
[2019-10-28 22:37:34,435] INFO Got user-level KeeperException when processing sessionid:0x1001196b6000000 type:create cxid:0x8 zxid:0x241 txntype:-1 reqpath:n/a Error Path:/brokers/seqid Error:KeeperErrorCode = NodeExists for /brokers/seqid (org.apache.zookeeper.server.PrepRequestProcessor)
[2019-10-28 22:37:34,440] INFO Got user-level KeeperException when processing sessionid:0x1001196b6000000 type:create cxid:0x9 zxid:0x242 txntype:-1 reqpath:n/a Error Path:/isr_change_notification Error:KeeperErrorCode = NodeExists for /isr_change_notification (org.apache.zookeeper.server.PrepRequestProcessor)
[2019-10-28 22:37:34,444] INFO Got user-level KeeperException when processing sessionid:0x1001196b6000000 type:create cxid:0xa zxid:0x243 txntype:-1 reqpath:n/a Error Path:/latest_producer_id_block Error:KeeperErrorCode = NodeExists for /latest_producer_id_block (org.apache.zookeeper.server.PrepRequestProcessor)
[2019-10-28 22:37:34,447] INFO Got user-level KeeperException when processing sessionid:0x1001196b6000000 type:create cxid:0xb zxid:0x244 txntype:-1 reqpath:n/a Error Path:/log_dir_event_notification Error:KeeperErrorCode = NodeExists for /log_dir_event_notification (org.apache.zookeeper.server.PrepRequestProcessor)
[2019-10-28 22:37:34,451] INFO Got user-level KeeperException when processing sessionid:0x1001196b6000000 type:create cxid:0xc zxid:0x245 txntype:-1 reqpath:n/a Error Path:/config/topics Error:KeeperErrorCode = NodeExists for /config/topics (org.apache.zookeeper.server.PrepRequestProcessor)
[2019-10-28 22:37:34,456] INFO Got user-level KeeperException when processing sessionid:0x1001196b6000000 type:create cxid:0xd zxid:0x246 txntype:-1 reqpath:n/a Error Path:/config/clients Error:KeeperErrorCode = NodeExists for /config/clients (org.apache.zookeeper.server.PrepRequestProcessor)
[2019-10-28 22:37:34,459] INFO Got user-level KeeperException when processing sessionid:0x1001196b6000000 type:create cxid:0xe zxid:0x247 txntype:-1 reqpath:n/a Error Path:/config/users Error:KeeperErrorCode = NodeExists for /config/users (org.apache.zookeeper.server.PrepRequestProcessor)
[2019-10-28 22:37:34,464] INFO Got user-level KeeperException when processing sessionid:0x1001196b6000000 type:create cxid:0xf zxid:0x248 txntype:-1 reqpath:n/a Error Path:/config/brokers Error:KeeperErrorCode = NodeExists for /config/brokers (org.apache.zookeeper.server.PrepRequestProcessor)
[2019-10-28 22:37:36,743] INFO Got user-level KeeperException when processing sessionid:0x1001196b6000000 type:multi cxid:0x69 zxid:0x24c txntype:-1 reqpath:n/a aborting remaining multi ops. Error Path:/admin/preferred_replica_election Error:KeeperErrorCode = NoNode for /admin/preferred_replica_election (org.apache.zookeeper.server.PrepRequestProcessor)
[2019-10-28 22:41:19,193] INFO Accepted socket connection from /0:0:0:0:0:0:0:1:40748 (org.apache.zookeeper.server.NIOServerCnxnFactory)
[2019-10-28 22:41:19,194] INFO Client attempting to establish new session at /0:0:0:0:0:0:0:1:40748 (org.apache.zookeeper.server.ZooKeeperServer)
[2019-10-28 22:41:19,196] INFO Established session 0x1001196b6000001 with negotiated timeout 30000 for client /0:0:0:0:0:0:0:1:40748 (org.apache.zookeeper.server.ZooKeeperServer)
[2019-10-28 22:41:19,209] INFO Successfully authenticated client: authenticationID=kafka;  authorizationID=kafka. (org.apache.zookeeper.server.auth.SaslServerCallbackHandler)
[2019-10-28 22:41:19,210] INFO Setting authorizedID: kafka (org.apache.zookeeper.server.auth.SaslServerCallbackHandler)
[2019-10-28 22:41:19,210] INFO adding SASL authorization for authorizationID: kafka (org.apache.zookeeper.server.ZooKeeperServer)
[2019-10-28 22:41:19,539] WARN Unable to read additional data from client sessionid 0x1001196b6000001, likely client has closed socket (org.apache.zookeeper.server.NIOServerCnxn)
[2019-10-28 22:41:19,540] INFO Closed socket connection for client /0:0:0:0:0:0:0:1:40748 which had sessionid 0x1001196b6000001 (org.apache.zookeeper.server.NIOServerCnxn)
[2019-10-28 22:41:39,354] INFO Accepted socket connection from /0:0:0:0:0:0:0:1:40750 (org.apache.zookeeper.server.NIOServerCnxnFactory)
[2019-10-28 22:41:39,358] INFO Client attempting to establish new session at /0:0:0:0:0:0:0:1:40750 (org.apache.zookeeper.server.ZooKeeperServer)
[2019-10-28 22:41:39,361] INFO Established session 0x1001196b6000002 with negotiated timeout 30000 for client /0:0:0:0:0:0:0:1:40750 (org.apache.zookeeper.server.ZooKeeperServer)
[2019-10-28 22:41:39,374] INFO Successfully authenticated client: authenticationID=kafka;  authorizationID=kafka. (org.apache.zookeeper.server.auth.SaslServerCallbackHandler)
[2019-10-28 22:41:39,374] INFO Setting authorizedID: kafka (org.apache.zookeeper.server.auth.SaslServerCallbackHandler)
[2019-10-28 22:41:39,374] INFO adding SASL authorization for authorizationID: kafka (org.apache.zookeeper.server.ZooKeeperServer)
[2019-10-28 22:41:39,443] INFO Processed session termination for sessionid: 0x1001196b6000002 (org.apache.zookeeper.server.PrepRequestProcessor)
[2019-10-28 22:41:39,451] INFO Closed socket connection for client /0:0:0:0:0:0:0:1:40750 which had sessionid 0x1001196b6000002 (org.apache.zookeeper.server.NIOServerCnxn)
[2019-10-28 22:41:50,749] INFO Expiring session 0x1001196b6000001, timeout of 30000ms exceeded (org.apache.zookeeper.server.ZooKeeperServer)
[2019-10-28 22:41:50,749] INFO Processed session termination for sessionid: 0x1001196b6000001 (org.apache.zookeeper.server.PrepRequestProcessor)
[2019-10-28 22:42:06,937] INFO Accepted socket connection from /127.0.0.1:46248 (org.apache.zookeeper.server.NIOServerCnxnFactory)
[2019-10-28 22:42:06,943] INFO Client attempting to establish new session at /127.0.0.1:46248 (org.apache.zookeeper.server.ZooKeeperServer)
[2019-10-28 22:42:06,948] INFO Established session 0x1001196b6000003 with negotiated timeout 30000 for client /127.0.0.1:46248 (org.apache.zookeeper.server.ZooKeeperServer)
[2019-10-28 22:42:06,959] INFO Successfully authenticated client: authenticationID=kafka;  authorizationID=kafka. (org.apache.zookeeper.server.auth.SaslServerCallbackHandler)
[2019-10-28 22:42:06,959] INFO Setting authorizedID: kafka (org.apache.zookeeper.server.auth.SaslServerCallbackHandler)
[2019-10-28 22:42:06,960] INFO adding SASL authorization for authorizationID: kafka (org.apache.zookeeper.server.ZooKeeperServer)
[2019-10-28 22:42:07,415] INFO Processed session termination for sessionid: 0x1001196b6000003 (org.apache.zookeeper.server.PrepRequestProcessor)
[2019-10-28 22:42:07,422] INFO Closed socket connection for client /127.0.0.1:46248 which had sessionid 0x1001196b6000003 (org.apache.zookeeper.server.NIOServerCnxn)
